<?xml version="1.0" encoding="UTF-8"?>
<!-- Generated by org.testng.reporters.JUnitReportReporter -->
<testsuite hostname="some-PC" name="test.usual.LandingPage8Test" tests="6" failures="0" timestamp="9 Dec 2016 09:16:11 GMT" time="14.767" errors="0">
  <testcase name="tryRegisterWithOutAgree" time="1.049" classname="test.usual.LandingPage8Test"/>
  <testcase name="canRegisterWithUsualUsdWithValidCredentialsAnd100Bonus" time="2.463" classname="test.usual.LandingPage8Test"/>
  <testcase name="tryRegisterWithEmptyFields" time="0.998" classname="test.usual.LandingPage8Test"/>
  <testcase name="canRegisterWithUsualRubWithValidCredentialsAnd100Bonus" time="7.935" classname="test.usual.LandingPage8Test"/>
  <testcase name="tryRegisterWithInValidCredentials" time="1.271" classname="test.usual.LandingPage8Test"/>
  <testcase name="tryRegisterWithInValidCredentials" time="1.051" classname="test.usual.LandingPage8Test"/>
</testsuite> <!-- test.usual.LandingPage8Test -->
