<?xml version="1.0" encoding="UTF-8"?>
<!-- Generated by org.testng.reporters.JUnitReportReporter -->
<testsuite hostname="some-PC" name="test.usual.LandingPage7Test" tests="7" failures="0" timestamp="9 Dec 2016 09:16:11 GMT" time="18.356" errors="0">
  <testcase name="tryRegisterWithOutAgree" time="2.202" classname="test.usual.LandingPage7Test"/>
  <testcase name="tryRegisterWithInValidCredentials" time="1.355" classname="test.usual.LandingPage7Test"/>
  <testcase name="canRegisterWithUsualWithValidCredentialsWithOutBonus" time="1.990" classname="test.usual.LandingPage7Test"/>
  <testcase name="canRegisterWithUsualWithValidCredentialsAndCashBack" time="2.294" classname="test.usual.LandingPage7Test"/>
  <testcase name="tryRegisterWithEmptyFields" time="1.336" classname="test.usual.LandingPage7Test"/>
  <testcase name="tryRegisterWithInValidCredentials" time="0.998" classname="test.usual.LandingPage7Test"/>
  <testcase name="canRegisterWithUsualWithValidCredentialsAnd100Bonus" time="8.181" classname="test.usual.LandingPage7Test"/>
</testsuite> <!-- test.usual.LandingPage7Test -->
