<?xml version="1.0" encoding="UTF-8"?>
<!-- Generated by org.testng.reporters.JUnitReportReporter -->
<testsuite hostname="some-PC" name="test.usual.LandingPage4Test" tests="6" failures="0" timestamp="9 Dec 2016 09:16:11 GMT" time="16.645" errors="0">
  <testcase name="tryRegisterWithInvalidCredentials" time="1.040" classname="test.usual.LandingPage4Test"/>
  <testcase name="tryRegisterWithOutAgree" time="0.887" classname="test.usual.LandingPage4Test"/>
  <testcase name="tryRegisterWithInvalidCredentials" time="1.271" classname="test.usual.LandingPage4Test"/>
  <testcase name="tryRegisterWithEmptyFields" time="1.119" classname="test.usual.LandingPage4Test"/>
  <testcase name="canRegisterUsualWithCurrencyUsdWithWelcomeGift" time="2.923" classname="test.usual.LandingPage4Test"/>
  <testcase name="canRegisterUsualWithCurrencyRubWithWelcomeGift" time="9.405" classname="test.usual.LandingPage4Test"/>
</testsuite> <!-- test.usual.LandingPage4Test -->
