<?xml version="1.0" encoding="UTF-8"?>
<!-- Generated by org.testng.reporters.JUnitReportReporter -->
<testsuite hostname="some-PC" name="test.usual.LandingPage5Test" tests="8" failures="0" timestamp="9 Dec 2016 09:16:11 GMT" time="18.559" errors="0">
  <testcase name="canClickOnButtonPlay" time="0.836" classname="test.usual.LandingPage5Test"/>
  <testcase name="canRegisterUsualWithCurrencyUsdAnd100Bonus" time="2.951" classname="test.usual.LandingPage5Test"/>
  <testcase name="canClickOnButtonRegistration" time="0.958" classname="test.usual.LandingPage5Test"/>
  <testcase name="tryRegisterWithInValidCredentials" time="1.377" classname="test.usual.LandingPage5Test"/>
  <testcase name="tryRegisterWithOutAgree" time="1.134" classname="test.usual.LandingPage5Test"/>
  <testcase name="tryRegisterWithEmptyFields" time="1.520" classname="test.usual.LandingPage5Test"/>
  <testcase name="canRegisterUsualWithCurrencyRubAnd100Bonus" time="8.732" classname="test.usual.LandingPage5Test"/>
  <testcase name="tryRegisterWithInValidCredentials" time="1.051" classname="test.usual.LandingPage5Test"/>
</testsuite> <!-- test.usual.LandingPage5Test -->
