<?xml version="1.0" encoding="UTF-8"?>
<!-- Generated by org.testng.reporters.JUnitReportReporter -->
<testsuite hostname="some-PC" name="test.usual.LandingPage2Test" tests="7" failures="0" timestamp="9 Dec 2016 09:16:11 GMT" time="19.051" errors="0">
  <testcase name="canRegisterUsualWithCurrencyRubWithWelcomeGift" time="7.429" classname="test.usual.LandingPage2Test"/>
  <testcase name="canRegisterUsualWithCurrencyUsdWithWelcomeGift" time="3.396" classname="test.usual.LandingPage2Test"/>
  <testcase name="tryRegisterWitInvalidCredentials" time="1.569" classname="test.usual.LandingPage2Test"/>
  <testcase name="tryRegisterWithEmptyFields" time="1.561" classname="test.usual.LandingPage2Test"/>
  <testcase name="tryRegisterWitInvalidCredentials" time="1.542" classname="test.usual.LandingPage2Test"/>
  <testcase name="canOpenLandingPage2" time="2.043" classname="test.usual.LandingPage2Test"/>
  <testcase name="tryRegisterWithOutAgree" time="1.511" classname="test.usual.LandingPage2Test"/>
</testsuite> <!-- test.usual.LandingPage2Test -->
