<?xml version="1.0" encoding="UTF-8"?>
<!-- Generated by org.testng.reporters.JUnitReportReporter -->
<testsuite hostname="some-PC" name="test.usual.LandingPage6Test" tests="7" failures="0" timestamp="9 Dec 2016 09:16:11 GMT" time="16.168" errors="0">
  <testcase name="tryRegisterWithOutAgree" time="0.615" classname="test.usual.LandingPage6Test"/>
  <testcase name="tryRegisterWithInValidCredentials" time="0.660" classname="test.usual.LandingPage6Test"/>
  <testcase name="tryRegisterWithInValidCredentials" time="0.750" classname="test.usual.LandingPage6Test"/>
  <testcase name="canRegisterUsualWithCurrencyRubAnd100Bonus" time="9.306" classname="test.usual.LandingPage6Test"/>
  <testcase name="tryRegisterWithEmptyFields" time="0.662" classname="test.usual.LandingPage6Test"/>
  <testcase name="canRegisterUsualWithCurrencyUsdAnd100Bonus" time="2.584" classname="test.usual.LandingPage6Test"/>
  <testcase name="canOpenLandingPage6" time="1.591" classname="test.usual.LandingPage6Test"/>
</testsuite> <!-- test.usual.LandingPage6Test -->
