<?xml version="1.0" encoding="UTF-8"?>
<!-- Generated by org.testng.reporters.JUnitReportReporter -->
<testsuite hostname="some-PC" name="test.usual.LandingPage3Test" tests="6" failures="0" timestamp="9 Dec 2016 09:16:11 GMT" time="14.973" errors="0">
  <testcase name="tryRegisterWitInvalidCredentials" time="1.275" classname="test.usual.LandingPage3Test"/>
  <testcase name="tryRegisterWithEmptyFields" time="0.696" classname="test.usual.LandingPage3Test"/>
  <testcase name="canRegisterUsualWithCurrencyRubWithWelcomeGift" time="8.518" classname="test.usual.LandingPage3Test"/>
  <testcase name="canRegisterUsualWithCurrencyUsdWithWelcomeGift" time="2.497" classname="test.usual.LandingPage3Test"/>
  <testcase name="tryRegisterWitInvalidCredentials" time="0.973" classname="test.usual.LandingPage3Test"/>
  <testcase name="tryRegisterWithOutAgree" time="1.014" classname="test.usual.LandingPage3Test"/>
</testsuite> <!-- test.usual.LandingPage3Test -->
