<?xml version="1.0" encoding="UTF-8"?>
<!-- Generated by org.testng.reporters.JUnitReportReporter -->
<testsuite hostname="some-PC" name="test.moilogin.LandingPageOkTest" tests="1" failures="0" timestamp="9 Dec 2016 09:16:11 GMT" time="3.623" errors="0">
  <testcase name="canOpenOk" time="3.623" classname="test.moilogin.LandingPageOkTest"/>
</testsuite> <!-- test.moilogin.LandingPageOkTest -->
