<?xml version="1.0" encoding="UTF-8"?>
<!-- Generated by org.testng.reporters.JUnitReportReporter -->
<testsuite hostname="some-PC" name="test.usual.LandingPage12Test" tests="7" failures="0" timestamp="9 Dec 2016 09:16:11 GMT" time="17.123" errors="0">
  <testcase name="tryRegisterWithInValidCredentials" time="1.403" classname="test.usual.LandingPage12Test"/>
  <testcase name="tryRegisterWithInValidCredentials" time="1.035" classname="test.usual.LandingPage12Test"/>
  <testcase name="tryRegisterWithOutAgree" time="1.154" classname="test.usual.LandingPage12Test"/>
  <testcase name="tryRegisterWithEmptyFields" time="1.154" classname="test.usual.LandingPage12Test"/>
  <testcase name="canRegisterWithUsualRubWithValidCredentialsAnd100Bonus" time="7.347" classname="test.usual.LandingPage12Test"/>
  <testcase name="canRegisterWithUsualWithValidCredentialsWithOutBonus" time="2.142" classname="test.usual.LandingPage12Test"/>
  <testcase name="canRegisterWithUsualUsdWithValidCredentialsAnd100Bonus" time="2.888" classname="test.usual.LandingPage12Test"/>
</testsuite> <!-- test.usual.LandingPage12Test -->
