<?xml version="1.0" encoding="UTF-8"?>
<!-- Generated by org.testng.reporters.JUnitReportReporter -->
<testsuite hostname="some-PC" name="test.usual.LandingPage10Test" tests="6" failures="0" timestamp="9 Dec 2016 09:16:11 GMT" time="15.183" errors="0">
  <testcase name="tryRegisterWithInValidCredentials" time="0.768" classname="test.usual.LandingPage10Test"/>
  <testcase name="canRegisterUsualWithCurrencyRubAnd100Bonus" time="9.403" classname="test.usual.LandingPage10Test"/>
  <testcase name="canRegisterUsualWithCurrencyUsdAnd100Bonus" time="2.614" classname="test.usual.LandingPage10Test"/>
  <testcase name="tryRegisterWithEmptyFields" time="0.677" classname="test.usual.LandingPage10Test"/>
  <testcase name="tryRegisterWithOutAgree" time="0.646" classname="test.usual.LandingPage10Test"/>
  <testcase name="tryRegisterWithInValidCredentials" time="1.075" classname="test.usual.LandingPage10Test"/>
</testsuite> <!-- test.usual.LandingPage10Test -->
