<?xml version="1.0" encoding="UTF-8"?>
<!-- Generated by org.testng.reporters.JUnitReportReporter -->
<testsuite hostname="some-PC" name="test.usual.LandingPage11Test" tests="7" failures="0" timestamp="9 Dec 2016 09:16:11 GMT" time="13.251" errors="0">
  <testcase name="canChooseBonusAndRegisterRub" time="2.135" classname="test.usual.LandingPage11Test"/>
  <testcase name="canChooseBonusAndRegisterUsd" time="1.083" classname="test.usual.LandingPage11Test"/>
  <testcase name="canChooseBonusAfterRegisterUsd" time="6.964" classname="test.usual.LandingPage11Test"/>
  <testcase name="tryRegisterWithEmptyFields" time="0.758" classname="test.usual.LandingPage11Test"/>
  <testcase name="tryRegisterWithInValidCredentials" time="0.726" classname="test.usual.LandingPage11Test"/>
  <testcase name="tryRegisterWithOutAgree" time="0.647" classname="test.usual.LandingPage11Test"/>
  <testcase name="tryRegisterWithInValidCredentials" time="0.938" classname="test.usual.LandingPage11Test"/>
</testsuite> <!-- test.usual.LandingPage11Test -->
