<?xml version="1.0" encoding="UTF-8"?>
<!-- Generated by org.testng.reporters.JUnitReportReporter -->
<testsuite hostname="some-PC" name="test.moilogin.LandingPageFbTest" tests="1" failures="0" timestamp="9 Dec 2016 09:16:11 GMT" time="3.432" errors="0">
  <testcase name="canOpenFb" time="3.432" classname="test.moilogin.LandingPageFbTest"/>
</testsuite> <!-- test.moilogin.LandingPageFbTest -->
