<?xml version="1.0" encoding="UTF-8"?>
<!-- Generated by org.testng.reporters.JUnitReportReporter -->
<testsuite hostname="some-PC" name="test.moilogin.LandingPageMrTest" tests="1" failures="0" timestamp="9 Dec 2016 09:16:11 GMT" time="2.765" errors="0">
  <testcase name="canOpenMailRu" time="2.765" classname="test.moilogin.LandingPageMrTest"/>
</testsuite> <!-- test.moilogin.LandingPageMrTest -->
