<?xml version="1.0" encoding="UTF-8"?>
<!-- Generated by org.testng.reporters.JUnitReportReporter -->
<testsuite hostname="some-PC" name="test.usual.LandingPage9Test" tests="7" failures="0" timestamp="9 Dec 2016 09:16:11 GMT" time="16.570" errors="0">
  <testcase name="canOpenLandingPage9" time="2.535" classname="test.usual.LandingPage9Test"/>
  <testcase name="tryRegisterWithOutAgree" time="0.908" classname="test.usual.LandingPage9Test"/>
  <testcase name="tryRegisterWithInValidCredentials" time="0.971" classname="test.usual.LandingPage9Test"/>
  <testcase name="canRegisterUsualWithCurrencyUsdAnd100Bonus" time="2.946" classname="test.usual.LandingPage9Test"/>
  <testcase name="canRegisterUsualWithCurrencyRub" time="7.297" classname="test.usual.LandingPage9Test"/>
  <testcase name="tryRegisterWithInValidCredentials" time="0.950" classname="test.usual.LandingPage9Test"/>
  <testcase name="tryRegisterWithEmptyFields" time="0.963" classname="test.usual.LandingPage9Test"/>
</testsuite> <!-- test.usual.LandingPage9Test -->
