<?xml version="1.0" encoding="UTF-8"?>
<!-- Generated by org.testng.reporters.JUnitReportReporter -->
<testsuite hostname="some-PC" name="test.usual.LandingPage1Test" tests="6" failures="0" timestamp="9 Dec 2016 09:16:11 GMT" time="18.280" errors="0">
  <testcase name="tryRegisterWithInvalidCredentials" time="1.268" classname="test.usual.LandingPage1Test"/>
  <testcase name="tryRegisterWithEmptyFields" time="1.540" classname="test.usual.LandingPage1Test"/>
  <testcase name="canRegisterUsualWithCurrencyUsdWithWelcomeGift" time="3.410" classname="test.usual.LandingPage1Test"/>
  <testcase name="canRegisterUsualWithCurrencyRubWithWelcomeGift" time="9.137" classname="test.usual.LandingPage1Test"/>
  <testcase name="tryRegisterWithInvalidCredentials" time="1.353" classname="test.usual.LandingPage1Test"/>
  <testcase name="tryRegisterWithOutAgree" time="1.572" classname="test.usual.LandingPage1Test"/>
</testsuite> <!-- test.usual.LandingPage1Test -->
