<?xml version="1.0" encoding="UTF-8"?>
<!-- Generated by org.testng.reporters.JUnitReportReporter -->
<testsuite hostname="some-PC" name="test.moilogin.LandingPageVkTest" tests="1" failures="0" timestamp="9 Dec 2016 09:16:11 GMT" time="3.486" errors="0">
  <testcase name="canOpenVk" time="3.486" classname="test.moilogin.LandingPageVkTest"/>
</testsuite> <!-- test.moilogin.LandingPageVkTest -->
