<?xml version="1.0" encoding="UTF-8"?>
<testsuite xmlns:xsi="http://www.w3.org/2001/XMLSchema-instance" xsi:schemaLocation="https://maven.apache.org/surefire/maven-surefire-plugin/xsd/surefire-test-report.xsd" name="TestSuite" time="281.515" tests="85" errors="0" skipped="0" failures="0">
  <properties>
    <property name="java.runtime.name" value="Java(TM) SE Runtime Environment"/>
    <property name="sun.boot.library.path" value="C:\Program Files\Java\jdk1.8.0_91\jre\bin"/>
    <property name="java.vm.version" value="25.91-b15"/>
    <property name="user.country.format" value="UA"/>
    <property name="java.vm.vendor" value="Oracle Corporation"/>
    <property name="maven.multiModuleProjectDirectory" value="C:\Program Files (x86)\Jenkins\workspace\Automation testing Landings Vulkan"/>
    <property name="java.vendor.url" value="http://java.oracle.com/"/>
    <property name="path.separator" value=";"/>
    <property name="guice.disable.misplaced.annotation.check" value="true"/>
    <property name="java.vm.name" value="Java HotSpot(TM) 64-Bit Server VM"/>
    <property name="file.encoding.pkg" value="sun.io"/>
    <property name="user.script" value=""/>
    <property name="user.country" value="US"/>
    <property name="sun.java.launcher" value="SUN_STANDARD"/>
    <property name="sun.os.patch.level" value="Service Pack 1"/>
    <property name="java.vm.specification.name" value="Java Virtual Machine Specification"/>
    <property name="user.dir" value="C:\Program Files (x86)\Jenkins\workspace\Automation testing Landings Vulkan"/>
    <property name="java.runtime.version" value="1.8.0_91-b15"/>
    <property name="java.awt.graphicsenv" value="sun.awt.Win32GraphicsEnvironment"/>
    <property name="java.endorsed.dirs" value="C:\Program Files\Java\jdk1.8.0_91\jre\lib\endorsed"/>
    <property name="os.arch" value="amd64"/>
    <property name="java.io.tmpdir" value="C:\Windows\TEMP\"/>
    <property name="line.separator" value="&#10;"/>
    <property name="java.vm.specification.vendor" value="Oracle Corporation"/>
    <property name="user.variant" value=""/>
    <property name="os.name" value="Windows 7"/>
    <property name="classworlds.conf" value="C:\Program Files\apache-maven-3.3.9\bin\m2.conf"/>
    <property name="sun.jnu.encoding" value="Cp1251"/>
    <property name="java.library.path" value="C:\Program Files\Java\jdk1.8.0_91\bin;C:\Windows\Sun\Java\bin;C:\Windows\system32;C:\Windows;C:\Program Files\Java\jdk1.8.0_91/bin;C:\ProgramData\Oracle\Java\javapath;C:\Windows\system32;C:\Windows;C:\Windows\System32\Wbem;C:\Windows\System32\WindowsPowerShell\v1.0\;C:\Program Files\Java\jdk1.8.0_91\bin;C:\Program Files\apache-maven-3.3.9\bin;C:\Program Files\TortoiseHg\;C:\Program Files\apache-ant-1.9.7\bin;;."/>
    <property name="java.specification.name" value="Java Platform API Specification"/>
    <property name="java.class.version" value="52.0"/>
    <property name="sun.management.compiler" value="HotSpot 64-Bit Tiered Compilers"/>
    <property name="os.version" value="6.1"/>
    <property name="user.home" value="C:\Windows\system32\config\systemprofile"/>
    <property name="user.timezone" value="Europe/Helsinki"/>
    <property name="java.awt.printerjob" value="sun.awt.windows.WPrinterJob"/>
    <property name="java.specification.version" value="1.8"/>
    <property name="file.encoding" value="Cp1251"/>
    <property name="user.name" value="SOME-PC$"/>
    <property name="java.class.path" value="C:\Program Files\apache-maven-3.3.9\boot\plexus-classworlds-2.5.2.jar"/>
    <property name="java.vm.specification.version" value="1.8"/>
    <property name="sun.arch.data.model" value="64"/>
    <property name="java.home" value="C:\Program Files\Java\jdk1.8.0_91\jre"/>
    <property name="sun.java.command" value="org.codehaus.plexus.classworlds.launcher.Launcher -f C:\Users\dt\IdeaProjects\VulkanLandings\pom.xml clean test"/>
    <property name="java.specification.vendor" value="Oracle Corporation"/>
    <property name="user.language" value="en"/>
    <property name="user.language.format" value="uk"/>
    <property name="awt.toolkit" value="sun.awt.windows.WToolkit"/>
    <property name="java.vm.info" value="mixed mode"/>
    <property name="java.version" value="1.8.0_91"/>
    <property name="java.ext.dirs" value="C:\Program Files\Java\jdk1.8.0_91\jre\lib\ext;C:\Windows\Sun\Java\lib\ext"/>
    <property name="sun.boot.class.path" value="C:\Program Files\Java\jdk1.8.0_91\jre\lib\resources.jar;C:\Program Files\Java\jdk1.8.0_91\jre\lib\rt.jar;C:\Program Files\Java\jdk1.8.0_91\jre\lib\sunrsasign.jar;C:\Program Files\Java\jdk1.8.0_91\jre\lib\jsse.jar;C:\Program Files\Java\jdk1.8.0_91\jre\lib\jce.jar;C:\Program Files\Java\jdk1.8.0_91\jre\lib\charsets.jar;C:\Program Files\Java\jdk1.8.0_91\jre\lib\jfr.jar;C:\Program Files\Java\jdk1.8.0_91\jre\classes"/>
    <property name="java.vendor" value="Oracle Corporation"/>
    <property name="maven.home" value="C:\Program Files\apache-maven-3.3.9"/>
    <property name="file.separator" value="\"/>
    <property name="java.vendor.url.bug" value="http://bugreport.sun.com/bugreport/"/>
    <property name="sun.cpu.endian" value="little"/>
    <property name="sun.io.unicode.encoding" value="UnicodeLittle"/>
    <property name="sun.desktop" value="windows"/>
    <property name="sun.cpu.isalist" value="amd64"/>
  </properties>
  <testcase name="canRegisterUsualWithCurrencyRubAnd100Bonus" classname="test.usual.LandingPage10Test" time="9.356"/>
  <testcase name="tryRegisterWithInValidCredentials" classname="test.usual.LandingPage10Test" time="1.044"/>
  <testcase name="tryRegisterWithInValidCredentials" classname="test.usual.LandingPage10Test" time="0.728"/>
  <testcase name="canRegisterUsualWithCurrencyUsdAnd100Bonus" classname="test.usual.LandingPage10Test" time="2.579"/>
  <testcase name="tryRegisterWithEmptyFields" classname="test.usual.LandingPage10Test" time="0.641"/>
  <testcase name="tryRegisterWithOutAgree" classname="test.usual.LandingPage10Test" time="0.607"/>
  <testcase name="canOpenFb" classname="test.moilogin.LandingPageFbTest" time="3.401"/>
  <testcase name="canChooseBonusAndRegisterRub" classname="test.usual.LandingPage11Test" time="2.094"/>
  <testcase name="tryRegisterWithInValidCredentials" classname="test.usual.LandingPage11Test" time="0.902"/>
  <testcase name="tryRegisterWithInValidCredentials" classname="test.usual.LandingPage11Test" time="0.693"/>
  <testcase name="canChooseBonusAndRegisterUsd" classname="test.usual.LandingPage11Test" time="1.046"/>
  <testcase name="canChooseBonusAfterRegisterUsd" classname="test.usual.LandingPage11Test" time="6.921"/>
  <testcase name="tryRegisterWithEmptyFields" classname="test.usual.LandingPage11Test" time="0.703"/>
  <testcase name="tryRegisterWithOutAgree" classname="test.usual.LandingPage11Test" time="0.596"/>
  <testcase name="canOpenMailRu" classname="test.moilogin.LandingPageMrTest" time="2.759"/>
  <testcase name="canRegisterWithUsualRubWithValidCredentialsAnd100Bonus" classname="test.usual.LandingPage12Test" time="7.299"/>
  <testcase name="tryRegisterWithInValidCredentials" classname="test.usual.LandingPage12Test" time="1.347"/>
  <testcase name="tryRegisterWithInValidCredentials" classname="test.usual.LandingPage12Test" time="0.981"/>
  <testcase name="canRegisterWithUsualUsdWithValidCredentialsAnd100Bonus" classname="test.usual.LandingPage12Test" time="2.827"/>
  <testcase name="canRegisterWithUsualWithValidCredentialsWithOutBonus" classname="test.usual.LandingPage12Test" time="1.817"/>
  <testcase name="tryRegisterWithEmptyFields" classname="test.usual.LandingPage12Test" time="1.072"/>
  <testcase name="tryRegisterWithOutAgree" classname="test.usual.LandingPage12Test" time="1.109"/>
  <testcase name="canOpenOk" classname="test.moilogin.LandingPageOkTest" time="3.603"/>
  <testcase name="canRegisterUsualWithCurrencyRubWithWelcomeGift" classname="test.usual.LandingPage1Test" time="9.091"/>
  <testcase name="tryRegisterWithInvalidCredentials" classname="test.usual.LandingPage1Test" time="1.309"/>
  <testcase name="tryRegisterWithInvalidCredentials" classname="test.usual.LandingPage1Test" time="1.218"/>
  <testcase name="canRegisterUsualWithCurrencyUsdWithWelcomeGift" classname="test.usual.LandingPage1Test" time="3.366"/>
  <testcase name="tryRegisterWithEmptyFields" classname="test.usual.LandingPage1Test" time="1.498"/>
  <testcase name="tryRegisterWithOutAgree" classname="test.usual.LandingPage1Test" time="1.523"/>
  <testcase name="canOpenVk" classname="test.moilogin.LandingPageVkTest" time="3.468"/>
  <testcase name="canOpenLandingPage2" classname="test.usual.LandingPage2Test" time="1.994"/>
  <testcase name="canRegisterUsualWithCurrencyRubWithWelcomeGift" classname="test.usual.LandingPage2Test" time="7.389"/>
  <testcase name="tryRegisterWitInvalidCredentials" classname="test.usual.LandingPage2Test" time="1.502"/>
  <testcase name="tryRegisterWitInvalidCredentials" classname="test.usual.LandingPage2Test" time="1.512"/>
  <testcase name="canRegisterUsualWithCurrencyUsdWithWelcomeGift" classname="test.usual.LandingPage2Test" time="3.352"/>
  <testcase name="tryRegisterWithEmptyFields" classname="test.usual.LandingPage2Test" time="1.51"/>
  <testcase name="tryRegisterWithOutAgree" classname="test.usual.LandingPage2Test" time="1.462"/>
  <testcase name="canOpenYandex" classname="test.moilogin.LandingPageYaTest" time="3.028"/>
  <testcase name="canRegisterUsualWithCurrencyRubWithWelcomeGift" classname="test.usual.LandingPage3Test" time="8.481"/>
  <testcase name="tryRegisterWitInvalidCredentials" classname="test.usual.LandingPage3Test" time="1.232"/>
  <testcase name="tryRegisterWitInvalidCredentials" classname="test.usual.LandingPage3Test" time="0.943"/>
  <testcase name="canRegisterUsualWithCurrencyUsdWithWelcomeGift" classname="test.usual.LandingPage3Test" time="2.438"/>
  <testcase name="tryRegisterWithEmptyFields" classname="test.usual.LandingPage3Test" time="0.646"/>
  <testcase name="tryRegisterWithOutAgree" classname="test.usual.LandingPage3Test" time="0.939"/>
  <testcase name="canRegisterUsualWithCurrencyRubWithWelcomeGift" classname="test.usual.LandingPage4Test" time="9.354"/>
  <testcase name="tryRegisterWithInvalidCredentials" classname="test.usual.LandingPage4Test" time="1.232"/>
  <testcase name="tryRegisterWithInvalidCredentials" classname="test.usual.LandingPage4Test" time="0.994"/>
  <testcase name="canRegisterUsualWithCurrencyUsdWithWelcomeGift" classname="test.usual.LandingPage4Test" time="2.882"/>
  <testcase name="tryRegisterWithEmptyFields" classname="test.usual.LandingPage4Test" time="1.088"/>
  <testcase name="tryRegisterWithOutAgree" classname="test.usual.LandingPage4Test" time="0.854"/>
  <testcase name="canRegisterUsualWithCurrencyRubAnd100Bonus" classname="test.usual.LandingPage5Test" time="8.693"/>
  <testcase name="tryRegisterWithInValidCredentials" classname="test.usual.LandingPage5Test" time="1.341"/>
  <testcase name="tryRegisterWithInValidCredentials" classname="test.usual.LandingPage5Test" time="1.009"/>
  <testcase name="canClickOnButtonPlay" classname="test.usual.LandingPage5Test" time="0.798"/>
  <testcase name="canClickOnButtonRegistration" classname="test.usual.LandingPage5Test" time="0.908"/>
  <testcase name="canRegisterUsualWithCurrencyUsdAnd100Bonus" classname="test.usual.LandingPage5Test" time="2.905"/>
  <testcase name="tryRegisterWithEmptyFields" classname="test.usual.LandingPage5Test" time="1.457"/>
  <testcase name="tryRegisterWithOutAgree" classname="test.usual.LandingPage5Test" time="1.096"/>
  <testcase name="canOpenLandingPage6" classname="test.usual.LandingPage6Test" time="1.557"/>
  <testcase name="canRegisterUsualWithCurrencyRubAnd100Bonus" classname="test.usual.LandingPage6Test" time="9.272"/>
  <testcase name="tryRegisterWithInValidCredentials" classname="test.usual.LandingPage6Test" time="0.689"/>
  <testcase name="tryRegisterWithInValidCredentials" classname="test.usual.LandingPage6Test" time="0.624"/>
  <testcase name="canRegisterUsualWithCurrencyUsdAnd100Bonus" classname="test.usual.LandingPage6Test" time="2.553"/>
  <testcase name="tryRegisterWithEmptyFields" classname="test.usual.LandingPage6Test" time="0.619"/>
  <testcase name="tryRegisterWithOutAgree" classname="test.usual.LandingPage6Test" time="0.573"/>
  <testcase name="canRegisterWithUsualWithValidCredentialsAnd100Bonus" classname="test.usual.LandingPage7Test" time="8.138"/>
  <testcase name="tryRegisterWithInValidCredentials" classname="test.usual.LandingPage7Test" time="1.307"/>
  <testcase name="tryRegisterWithInValidCredentials" classname="test.usual.LandingPage7Test" time="0.952"/>
  <testcase name="canRegisterWithUsualWithValidCredentialsAndCashBack" classname="test.usual.LandingPage7Test" time="2.249"/>
  <testcase name="canRegisterWithUsualWithValidCredentialsWithOutBonus" classname="test.usual.LandingPage7Test" time="1.928"/>
  <testcase name="tryRegisterWithEmptyFields" classname="test.usual.LandingPage7Test" time="0.982"/>
  <testcase name="tryRegisterWithOutAgree" classname="test.usual.LandingPage7Test" time="1.044"/>
  <testcase name="canRegisterWithUsualRubWithValidCredentialsAnd100Bonus" classname="test.usual.LandingPage8Test" time="7.879"/>
  <testcase name="tryRegisterWithInValidCredentials" classname="test.usual.LandingPage8Test" time="1.234"/>
  <testcase name="tryRegisterWithInValidCredentials" classname="test.usual.LandingPage8Test" time="0.985"/>
  <testcase name="canRegisterWithUsualUsdWithValidCredentialsAnd100Bonus" classname="test.usual.LandingPage8Test" time="2.393"/>
  <testcase name="tryRegisterWithEmptyFields" classname="test.usual.LandingPage8Test" time="0.951"/>
  <testcase name="tryRegisterWithOutAgree" classname="test.usual.LandingPage8Test" time="1.012"/>
  <testcase name="canOpenLandingPage9" classname="test.usual.LandingPage9Test" time="2.497"/>
  <testcase name="canRegisterUsualWithCurrencyRub" classname="test.usual.LandingPage9Test" time="7.257"/>
  <testcase name="tryRegisterWithInValidCredentials" classname="test.usual.LandingPage9Test" time="0.938"/>
  <testcase name="tryRegisterWithInValidCredentials" classname="test.usual.LandingPage9Test" time="0.909"/>
  <testcase name="canRegisterUsualWithCurrencyUsdAnd100Bonus" classname="test.usual.LandingPage9Test" time="2.898"/>
  <testcase name="tryRegisterWithEmptyFields" classname="test.usual.LandingPage9Test" time="0.907"/>
  <testcase name="tryRegisterWithOutAgree" classname="test.usual.LandingPage9Test" time="0.867"/>
</testsuite>